# JRE version: Java(TM) SE Runtime Environment (8.0_05-b13) (build 1.8.0_05-b13)
# Java VM: Java HotSpot(TM) 64-Bit Server VM (25.5-b02 mixed mode windows-amd64 compressed oops)
Heap:
 PSYoungGen      total 3072K, used 1851K [0x00000000eac00000, 0x00000000eb000000, 0x0000000100000000)
  eden space 2048K, 48% used [0x00000000eac00000,0x00000000eacf6f60,0x00000000eae00000)
  from space 1024K, 84% used [0x00000000eaf00000,0x00000000eafd8020,0x00000000eb000000)
  to   space 1024K, 0% used [0x00000000eae00000,0x00000000eae00000,0x00000000eaf00000)
 ParOldGen       total 64000K, used 664K [0x00000000c0400000, 0x00000000c4280000, 0x00000000eac00000)
  object space 64000K, 1% used [0x00000000c0400000,0x00000000c04a60b0,0x00000000c4280000)
 Metaspace       used 4174K, capacity 5610K, committed 5888K, reserved 1056768K
  class space    used 394K, capacity 456K, committed 512K, reserved 1048576K
GC Heap History (10 events):
Event: 0.151 GC heap before
{Heap before GC invocations=2 (full 0):
 PSYoungGen      total 1024K, used 1007K [0x00000000eac00000, 0x00000000ead80000, 0x0000000100000000)
  eden space 512K, 99% used [0x00000000eac00000,0x00000000eac7fe78,0x00000000eac80000)
  from space 512K, 96% used [0x00000000eac80000,0x00000000eacfc010,0x00000000ead00000)
  to   space 512K, 0% used [0x00000000ead00000,0x00000000ead00000,0x00000000ead80000)
 ParOldGen       total 64000K, used 8K [0x00000000c0400000, 0x00000000c4280000, 0x00000000eac00000)
  object space 64000K, 0% used [0x00000000c0400000,0x00000000c0402000,0x00000000c4280000)
 Metaspace       used 2862K, capacity 4660K, committed 4864K, reserved 1056768K
  class space    used 322K, capacity 424K, committed 512K, reserved 1048576K
Event: 0.152 GC heap after
Heap after GC invocations=2 (full 0):
 PSYoungGen      total 1024K, used 483K [0x00000000eac00000, 0x00000000ead80000, 0x0000000100000000)
  eden space 512K, 0% used [0x00000000eac00000,0x00000000eac00000,0x00000000eac80000)
  from space 512K, 94% used [0x00000000ead00000,0x00000000ead78d28,0x00000000ead80000)
  to   space 512K, 0% used [0x00000000eac80000,0x00000000eac80000,0x00000000ead00000)
 ParOldGen       total 64000K, used 170K [0x00000000c0400000, 0x00000000c4280000, 0x00000000eac00000)
  object space 64000K, 0% used [0x00000000c0400000,0x00000000c042aae8,0x00000000c4280000)
 Metaspace       used 2862K, capacity 4660K, committed 4864K, reserved 1056768K
  class space    used 322K, capacity 424K, committed 512K, reserved 1048576K
}
Event: 0.399 GC heap before
{Heap before GC invocations=3 (full 0):
 PSYoungGen      total 1024K, used 995K [0x00000000eac00000, 0x00000000ead80000, 0x0000000100000000)
  eden space 512K, 100% used [0x00000000eac00000,0x00000000eac80000,0x00000000eac80000)
  from space 512K, 94% used [0x00000000ead00000,0x00000000ead78d28,0x00000000ead80000)
  to   space 512K, 0% used [0x00000000eac80000,0x00000000eac80000,0x00000000ead00000)
 ParOldGen       total 64000K, used 170K [0x00000000c0400000, 0x00000000c4280000, 0x00000000eac00000)
  object space 64000K, 0% used [0x00000000c0400000,0x00000000c042aae8,0x00000000c4280000)
 Metaspace       used 3224K, capacity 4788K, committed 5120K, reserved 1056768K
  class space    used 355K, capacity 424K, committed 512K, reserved 1048576K
Event: 0.409 GC heap after
Heap after GC invocations=3 (full 0):
 PSYoungGen      total 1024K, used 512K [0x00000000eac00000, 0x00000000eae00000, 0x0000000100000000)
  eden space 512K, 0% used [0x00000000eac00000,0x00000000eac00000,0x00000000eac80000)
  from space 512K, 100% used [0x00000000eac80000,0x00000000ead00000,0x00000000ead00000)
  to   space 512K, 0% used [0x00000000ead80000,0x00000000ead80000,0x00000000eae00000)
 ParOldGen       total 64000K, used 269K [0x00000000c0400000, 0x00000000c4280000, 0x00000000eac00000)
  object space 64000K, 0% used [0x00000000c0400000,0x00000000c04435d0,0x00000000c4280000)
 Metaspace       used 3224K, capacity 4788K, committed 5120K, reserved 1056768K
  class space    used 355K, capacity 424K, committed 512K, reserved 1048576K
}
Event: 0.516 GC heap before
{Heap before GC invocations=4 (full 0):
 PSYoungGen      total 1024K, used 997K [0x00000000eac00000, 0x00000000eae00000, 0x0000000100000000)
  eden space 512K, 94% used [0x00000000eac00000,0x00000000eac79720,0x00000000eac80000)
  from space 512K, 100% used [0x00000000eac80000,0x00000000ead00000,0x00000000ead00000)
  to   space 512K, 0% used [0x00000000ead80000,0x00000000ead80000,0x00000000eae00000)
 ParOldGen       total 64000K, used 269K [0x00000000c0400000, 0x00000000c4280000, 0x00000000eac00000)
  object space 64000K, 0% used [0x00000000c0400000,0x00000000c04435d0,0x00000000c4280000)
 Metaspace       used 3388K, capacity 4852K, committed 5120K, reserved 1056768K
  class space    used 376K, capacity 424K, committed 512K, reserved 1048576K
Event: 0.517 GC heap after
Heap after GC invocations=4 (full 0):
 PSYoungGen      total 1536K, used 511K [0x00000000eac00000, 0x00000000eae00000, 0x0000000100000000)
  eden space 1024K, 0% used [0x00000000eac00000,0x00000000eac00000,0x00000000ead00000)
  from space 512K, 99% used [0x00000000ead80000,0x00000000eadffc30,0x00000000eae00000)
  to   space 512K, 0% used [0x00000000ead00000,0x00000000ead00000,0x00000000ead80000)
 ParOldGen       total 64000K, used 426K [0x00000000c0400000, 0x00000000c4280000, 0x00000000eac00000)
  object space 64000K, 0% used [0x00000000c0400000,0x00000000c046abf8,0x00000000c4280000)
 Metaspace       used 3388K, capacity 4852K, committed 5120K, reserved 1056768K
  class space    used 376K, capacity 424K, committed 512K, reserved 1048576K
}
Event: 0.578 GC heap before
{Heap before GC invocations=5 (full 0):
 PSYoungGen      total 1536K, used 1535K [0x00000000eac00000, 0x00000000eae00000, 0x0000000100000000)
  eden space 1024K, 100% used [0x00000000eac00000,0x00000000ead00000,0x00000000ead00000)
  from space 512K, 99% used [0x00000000ead80000,0x00000000eadffc30,0x00000000eae00000)
  to   space 512K, 0% used [0x00000000ead00000,0x00000000ead00000,0x00000000ead80000)
 ParOldGen       total 64000K, used 426K [0x00000000c0400000, 0x00000000c4280000, 0x00000000eac00000)
  object space 64000K, 0% used [0x00000000c0400000,0x00000000c046abf8,0x00000000c4280000)
 Metaspace       used 4010K, capacity 5482K, committed 5632K, reserved 1056768K
  class space    used 386K, capacity 456K, committed 512K, reserved 1048576K
Event: 0.580 GC heap after
Heap after GC invocations=5 (full 0):
 PSYoungGen      total 1536K, used 480K [0x00000000eac00000, 0x00000000eb000000, 0x0000000100000000)
  eden space 1024K, 0% used [0x00000000eac00000,0x00000000eac00000,0x00000000ead00000)
  from space 512K, 93% used [0x00000000ead00000,0x00000000ead78020,0x00000000ead80000)
  to   space 1024K, 0% used [0x00000000eaf00000,0x00000000eaf00000,0x00000000eb000000)
 ParOldGen       total 64000K, used 656K [0x00000000c0400000, 0x00000000c4280000, 0x00000000eac00000)
  object space 64000K, 1% used [0x00000000c0400000,0x00000000c04a40b0,0x00000000c4280000)
 Metaspace       used 4010K, capacity 5482K, committed 5632K, reserved 1056768K
  class space    used 386K, capacity 456K, committed 512K, reserved 1048576K
}
Event: 0.685 GC heap before
{Heap before GC invocations=6 (full 0):
 PSYoungGen      total 1536K, used 1504K [0x00000000eac00000, 0x00000000eb000000, 0x0000000100000000)
  eden space 1024K, 100% used [0x00000000eac00000,0x00000000ead00000,0x00000000ead00000)
  from space 512K, 93% used [0x00000000ead00000,0x00000000ead78020,0x00000000ead80000)
  to   space 1024K, 0% used [0x00000000eaf00000,0x00000000eaf00000,0x00000000eb000000)
 ParOldGen       total 64000K, used 656K [0x00000000c0400000, 0x00000000c4280000, 0x00000000eac00000)
  object space 64000K, 1% used [0x00000000c0400000,0x00000000c04a40b0,0x00000000c4280000)
 Metaspace       used 4107K, capacity 5546K, committed 5632K, reserved 1056768K
  class space    used 393K, capacity 456K, committed 512K, reserved 1048576K
Event: 0.687 GC heap after
Heap after GC invocations=6 (full 0):
 PSYoungGen      total 3072K, used 864K [0x00000000eac00000, 0x00000000eb000000, 0x0000000100000000)
  eden space 2048K, 0% used [0x00000000eac00000,0x00000000eac00000,0x00000000eae00000)
  from space 1024K, 84% used [0x00000000eaf00000,0x00000000eafd8020,0x00000000eb000000)
  to   space 1024K, 0% used [0x00000000eae00000,0x00000000eae00000,0x00000000eaf00000)
 ParOldGen       total 64000K, used 664K [0x00000000c0400000, 0x00000000c4280000, 0x00000000eac00000)
  object space 64000K, 1% used [0x00000000c0400000,0x00000000c04a60b0,0x00000000c4280000)
 Metaspace       used 4107K, capacity 5546K, committed 5632K, reserved 1056768K
  class space    used 393K, capacity 456K, committed 512K, reserved 1048576K
}

